<?xml version="1.0" encoding="UTF-8"?>
<testng-results skipped="0" failed="1" ignored="0" total="1" passed="0">
  <reporter-output>
  </reporter-output>
  <suite name="suite" duration-ms="283439" started-at="2020-07-01T07:52:34Z" finished-at="2020-07-01T07:57:17Z">
    <groups>
    </groups>
    <test name="test1" duration-ms="283439" started-at="2020-07-01T07:52:34Z" finished-at="2020-07-01T07:57:17Z">
      <class name="testcases.CheckoutTest">
        <test-method status="PASS" signature="initDriver()[pri:0, instance:testcases.CheckoutTest@59f99ea]" name="initDriver" is-config="true" duration-ms="5908" started-at="2020-07-01T07:52:34Z" finished-at="2020-07-01T07:52:40Z">
          <reporter-output>
          </reporter-output>
        </test-method> <!-- initDriver -->
        <test-method status="PASS" signature="data()[pri:0, instance:testcases.CheckoutTest@59f99ea]" name="data" is-config="true" duration-ms="3" started-at="2020-07-01T07:52:40Z" depends-on-methods="testcases.BaseTest.initDriver" finished-at="2020-07-01T07:52:40Z">
          <reporter-output>
          </reporter-output>
        </test-method> <!-- data -->
        <test-method status="FAIL" signature="checkout(java.lang.String, java.lang.String, java.lang.String, java.lang.String, java.lang.String)[pri:0, instance:testcases.CheckoutTest@59f99ea]" name="checkout" duration-ms="277510" started-at="2020-07-01T07:52:40Z" data-provider="data_test_checkout" finished-at="2020-07-01T07:57:17Z">
          <params>
            <param index="0">
              <value>
                <![CDATA[huyenhoang@gmail.com]]>
              </value>
            </param>
            <param index="1">
              <value>
                <![CDATA[Huyen01$]]>
              </value>
            </param>
            <param index="2">
              <value>
                <![CDATA[Juno Jacket]]>
              </value>
            </param>
            <param index="3">
              <value>
                <![CDATA[Olivia 1/4 Zip Light Jacket]]>
              </value>
            </param>
            <param index="4">
              <value>
                <![CDATA[Nadia Elements Shell]]>
              </value>
            </param>
          </params>
          <exception class="org.openqa.selenium.TimeoutException">
            <message>
              <![CDATA[Expected condition failed: waiting for visibility of element located by By.xpath: //div[@class = 'product details product-item-details'][.//a[normalize-space(text())='Juno Jacket']]//div[@option-label= 'Black'] (tried for 60 second(s) with 500 milliseconds interval)]]>
            </message>
            <full-stacktrace>
              <![CDATA[org.openqa.selenium.TimeoutException: Expected condition failed: waiting for visibility of element located by By.xpath: //div[@class = 'product details product-item-details'][.//a[normalize-space(text())='Juno Jacket']]//div[@option-label= 'Black'] (tried for 60 second(s) with 500 milliseconds interval)
at org.openqa.selenium.support.ui.WebDriverWait.timeoutException(WebDriverWait.java:113)
at org.openqa.selenium.support.ui.FluentWait.until(FluentWait.java:283)
at utility.WaitUtility.waitUntilVisibility(WaitUtility.java:24)
at utility.ActionUtility.click(ActionUtility.java:33)
at pages.CategoryPage.selectBlackColor(CategoryPage.java:123)
at testcases.CheckoutTest.addProductToCart(CheckoutTest.java:32)
at testcases.CheckoutTest.checkout(CheckoutTest.java:42)
at sun.reflect.NativeMethodAccessorImpl.invoke0(Native Method)
at sun.reflect.NativeMethodAccessorImpl.invoke(NativeMethodAccessorImpl.java:62)
at sun.reflect.DelegatingMethodAccessorImpl.invoke(DelegatingMethodAccessorImpl.java:43)
at java.lang.reflect.Method.invoke(Method.java:498)
at org.testng.internal.MethodInvocationHelper.invokeMethod(MethodInvocationHelper.java:124)
at org.testng.internal.Invoker.invokeMethod(Invoker.java:583)
at org.testng.internal.Invoker.invokeTestMethod(Invoker.java:719)
at org.testng.internal.Invoker.invokeTestMethods(Invoker.java:989)
at org.testng.internal.TestMethodWorker.invokeTestMethods(TestMethodWorker.java:125)
at org.testng.internal.TestMethodWorker.run(TestMethodWorker.java:109)
at org.testng.TestRunner.privateRun(TestRunner.java:648)
at org.testng.TestRunner.run(TestRunner.java:505)
at org.testng.SuiteRunner.runTest(SuiteRunner.java:455)
at org.testng.SuiteRunner.runSequentially(SuiteRunner.java:450)
at org.testng.SuiteRunner.privateRun(SuiteRunner.java:415)
at org.testng.SuiteRunner.run(SuiteRunner.java:364)
at org.testng.SuiteRunnerWorker.runSuite(SuiteRunnerWorker.java:52)
at org.testng.SuiteRunnerWorker.run(SuiteRunnerWorker.java:84)
at org.testng.TestNG.runSuitesSequentially(TestNG.java:1208)
at org.testng.TestNG.runSuitesLocally(TestNG.java:1137)
at org.testng.TestNG.runSuites(TestNG.java:1049)
at org.testng.TestNG.run(TestNG.java:1017)
at org.testng.remote.AbstractRemoteTestNG.run(AbstractRemoteTestNG.java:115)
at org.testng.remote.RemoteTestNG.initAndRun(RemoteTestNG.java:251)
at org.testng.remote.RemoteTestNG.main(RemoteTestNG.java:77)
Caused by: org.openqa.selenium.NoSuchElementException: Cannot locate an element using By.xpath: //div[@class = 'product details product-item-details'][.//a[normalize-space(text())='Juno Jacket']]//div[@option-label= 'Black']
For documentation on this error, please visit: http://seleniumhq.org/exceptions/no_such_element.html
Build info: version: '3.14.0', revision: 'aacccce0', time: '2018-08-02T20:19:58.91Z'
System info: host: 'DESKTOP-50O4S5L', ip: '192.168.19.36', os.name: 'Windows 10', os.arch: 'amd64', os.version: '10.0', java.version: '1.8.0_241'
Driver info: driver.version: unknown
at org.openqa.selenium.support.ui.ExpectedConditions.lambda$findElement$0(ExpectedConditions.java:896)
at java.util.Optional.orElseThrow(Optional.java:290)
at org.openqa.selenium.support.ui.ExpectedConditions.findElement(ExpectedConditions.java:895)
at org.openqa.selenium.support.ui.ExpectedConditions.access$000(ExpectedConditions.java:44)
at org.openqa.selenium.support.ui.ExpectedConditions$7.apply(ExpectedConditions.java:206)
at org.openqa.selenium.support.ui.ExpectedConditions$7.apply(ExpectedConditions.java:202)
at org.openqa.selenium.support.ui.FluentWait.until(FluentWait.java:260)
... 30 more
]]>
            </full-stacktrace>
          </exception> <!-- org.openqa.selenium.TimeoutException -->
          <reporter-output>
          </reporter-output>
        </test-method> <!-- checkout -->
      </class> <!-- testcases.CheckoutTest -->
    </test> <!-- test1 -->
  </suite> <!-- suite -->
</testng-results>
