<?xml version="1.0" encoding="UTF-8"?>
<!-- Generated by org.testng.reporters.JUnitXMLReporter -->
<testsuite hostname="DESKTOP-50O4S5L" ignored="0" name="test1" tests="1" failures="1" timestamp="01 Jul 2020 07:57:17 GMT" time="283.439" errors="0">
  <testcase name="checkout" time="277.51" classname="testcases.CheckoutTest">
    <failure type="org.openqa.selenium.TimeoutException" message="Expected condition failed: waiting for visibility of element located by By.xpath: //div[@class = &amp;apos;product details product-item-details&amp;apos;][.//a[normalize-space(text())=&amp;apos;Juno Jacket&amp;apos;]]//div[@option-label= &amp;apos;Black&amp;apos;] (tried for 60 second(s) with 500 milliseconds interval)">
      <![CDATA[org.openqa.selenium.TimeoutException: Expected condition failed: waiting for visibility of element located by By.xpath: //div[@class = 'product details product-item-details'][.//a[normalize-space(text())='Juno Jacket']]//div[@option-label= 'Black'] (tried for 60 second(s) with 500 milliseconds interval)
at org.openqa.selenium.support.ui.WebDriverWait.timeoutException(WebDriverWait.java:113)
at org.openqa.selenium.support.ui.FluentWait.until(FluentWait.java:283)
at utility.WaitUtility.waitUntilVisibility(WaitUtility.java:24)
at utility.ActionUtility.click(ActionUtility.java:33)
at pages.CategoryPage.selectBlackColor(CategoryPage.java:123)
at testcases.CheckoutTest.addProductToCart(CheckoutTest.java:32)
at testcases.CheckoutTest.checkout(CheckoutTest.java:42)
Caused by: org.openqa.selenium.NoSuchElementException: Cannot locate an element using By.xpath: //div[@class = 'product details product-item-details'][.//a[normalize-space(text())='Juno Jacket']]//div[@option-label= 'Black']
For documentation on this error, please visit: http://seleniumhq.org/exceptions/no_such_element.html
Build info: version: '3.14.0', revision: 'aacccce0', time: '2018-08-02T20:19:58.91Z'
System info: host: 'DESKTOP-50O4S5L', ip: '192.168.19.36', os.name: 'Windows 10', os.arch: 'amd64', os.version: '10.0', java.version: '1.8.0_241'
Driver info: driver.version: unknown
at org.openqa.selenium.support.ui.ExpectedConditions.lambda$findElement$0(ExpectedConditions.java:896)
at java.util.Optional.orElseThrow(Optional.java:290)
at org.openqa.selenium.support.ui.ExpectedConditions.findElement(ExpectedConditions.java:895)
at org.openqa.selenium.support.ui.ExpectedConditions.access$000(ExpectedConditions.java:44)
at org.openqa.selenium.support.ui.ExpectedConditions$7.apply(ExpectedConditions.java:206)
at org.openqa.selenium.support.ui.ExpectedConditions$7.apply(ExpectedConditions.java:202)
at org.openqa.selenium.support.ui.FluentWait.until(FluentWait.java:260)
... 30 more
... Removed 25 stack frames]]>
    </failure>
  </testcase> <!-- checkout -->
</testsuite> <!-- test1 -->
